16:56:12.424 [main] INFO  c.e.demo.LoggerExampleApplication - Starting LoggerExampleApplication using Java 25.0.1 with PID 16636 (D:\Logger-for-Spring-Boot\target\classes started by ASUS in D:\Logger-for-Spring-Boot) 
16:56:12.427 [main] INFO  c.e.demo.LoggerExampleApplication - No active profile set, falling back to 1 default profile: "default" 
16:56:13.143 [main] INFO  o.s.d.r.c.RepositoryConfigurationDelegate - Bootstrapping Spring Data JPA repositories in DEFAULT mode. 
16:56:13.193 [main] INFO  o.s.d.r.c.RepositoryConfigurationDelegate - Finished Spring Data repository scanning in 35 ms. Found 1 JPA repository interface. 
16:56:13.646 [main] INFO  o.s.boot.tomcat.TomcatWebServer - Tomcat initialized with port 9090 (http) 
16:56:13.658 [main] INFO  o.a.coyote.http11.Http11NioProtocol - Initializing ProtocolHandler ["http-nio-9090"] 
16:56:13.660 [main] INFO  o.a.catalina.core.StandardService - Starting service [Tomcat] 
16:56:13.660 [main] INFO  o.a.catalina.core.StandardEngine - Starting Servlet engine: [Apache Tomcat/11.0.15] 
16:56:13.721 [main] INFO  o.s.b.w.c.s.WebApplicationContextInitializer - Root WebApplicationContext: initialization completed in 1237 ms 
16:56:13.832 [main] INFO  com.zaxxer.hikari.HikariDataSource - HikariPool-1 - Starting... 
16:56:14.189 [main] INFO  com.zaxxer.hikari.pool.HikariPool - HikariPool-1 - Added connection com.mysql.cj.jdbc.ConnectionImpl@68e5c7ae 
16:56:14.190 [main] INFO  com.zaxxer.hikari.HikariDataSource - HikariPool-1 - Start completed. 
16:56:14.319 [main] INFO  org.hibernate.orm.jpa - HHH008540: Processing PersistenceUnitInfo [name: default] 
16:56:14.373 [main] INFO  org.hibernate.orm.core - HHH000001: Hibernate ORM core version 7.2.0.Final 
16:56:14.805 [main] INFO  o.s.o.j.p.SpringPersistenceUnitInfo - No LoadTimeWeaver setup: ignoring JPA class transformer 
16:56:14.881 [main] INFO  o.hibernate.orm.connections.pooling - HHH10001005: Database info:
	Database JDBC URL [jdbc:mysql://localhost:3306/employee_db]
	Database driver: MySQL Connector/J
	Database dialect: MySQLDialect
	Database version: 8.0.44
	Default catalog/schema: employee_db/undefined
	Autocommit mode: undefined/unknown
	Isolation level: REPEATABLE_READ [default REPEATABLE_READ]
	JDBC fetch size: none
	Pool: DataSourceConnectionProvider
	Minimum pool size: undefined/unknown
	Maximum pool size: undefined/unknown 
16:56:15.485 [main] INFO  org.hibernate.orm.core - HHH000489: No JTA platform available (set 'hibernate.transaction.jta.platform' to enable JTA platform integration) 
16:56:15.525 [main] INFO  o.s.o.j.LocalContainerEntityManagerFactoryBean - Initialized JPA EntityManagerFactory for persistence unit 'default' 
16:56:15.595 [main] INFO  o.s.d.j.r.q.QueryEnhancerFactories - Hibernate is in classpath; If applicable, HQL parser will be used. 
16:56:15.723 [main] WARN  o.s.b.j.a.JpaBaseConfiguration$JpaWebConfiguration - spring.jpa.open-in-view is enabled by default. Therefore, database queries may be performed during view rendering. Explicitly configure spring.jpa.open-in-view to disable this warning 
16:56:16.043 [main] INFO  o.a.coyote.http11.Http11NioProtocol - Starting ProtocolHandler ["http-nio-9090"] 
16:56:16.067 [main] INFO  o.s.boot.tomcat.TomcatWebServer - Tomcat started on port 9090 (http) with context path '/' 
16:56:16.075 [main] INFO  c.e.demo.LoggerExampleApplication - Started LoggerExampleApplication in 4.077 seconds (process running for 4.789) 
16:56:32.213 [http-nio-9090-exec-2] INFO  o.a.c.c.C.[Tomcat].[localhost].[/] - Initializing Spring DispatcherServlet 'dispatcherServlet' 
16:56:32.214 [http-nio-9090-exec-2] INFO  o.s.web.servlet.DispatcherServlet - Initializing Servlet 'dispatcherServlet' 
16:56:32.215 [http-nio-9090-exec-2] INFO  o.s.web.servlet.DispatcherServlet - Completed initialization in 1 ms 
16:56:32.313 [http-nio-9090-exec-2] INFO  c.e.demo.service.EmployeeServiceImpl - Fetching all the employees from the database. 
16:57:40.110 [http-nio-9090-exec-5] WARN  o.s.w.s.m.s.DefaultHandlerExceptionResolver - Resolved [org.springframework.web.bind.MissingPathVariableException: Required URI template variable 'employeeId' for method parameter type Long is not present] 
16:57:48.191 [http-nio-9090-exec-7] INFO  c.e.demo.service.EmployeeServiceImpl - inserting a new employee in the database. 
16:58:11.907 [SpringApplicationShutdownHook] INFO  o.s.boot.tomcat.GracefulShutdown - Commencing graceful shutdown. Waiting for active requests to complete 
16:58:11.913 [tomcat-shutdown] INFO  o.s.boot.tomcat.GracefulShutdown - Graceful shutdown complete 
16:58:11.916 [SpringApplicationShutdownHook] INFO  o.s.o.j.LocalContainerEntityManagerFactoryBean - Closing JPA EntityManagerFactory for persistence unit 'default' 
16:58:11.918 [SpringApplicationShutdownHook] INFO  com.zaxxer.hikari.HikariDataSource - HikariPool-1 - Shutdown initiated... 
16:58:11.923 [SpringApplicationShutdownHook] INFO  com.zaxxer.hikari.HikariDataSource - HikariPool-1 - Shutdown completed. 
